<?xml version="1.0" encoding="UTF-8"?>
<!-- Generated by org.testng.reporters.JUnitReportReporter -->
<testsuite hostname="DESKTOP-PTP6UKG" failures="0" tests="4" name="testpkage.Testauto" time="32.296" errors="0" timestamp="2024-11-08T08:23:43 IST" skipped="0">
  <testcase classname="testpkage.Testauto" name="test" time="1.571"/>
  <system-out/>
  <testcase classname="testpkage.Testauto" name="titleverification" time="0.059"/>
  <system-out/>
  <testcase classname="testpkage.Testauto" name="verifyloginwithcred" time="22.826"/>
  <system-out/>
  <testcase classname="testpkage.Testauto" name="placeordermethod" time="7.840"/>
  <system-out/>
</testsuite> <!-- testpkage.Testauto -->
