<?xml version="1.0" encoding="UTF-8"?>
<!-- Generated by org.testng.reporters.JUnitReportReporter -->
<testsuite hostname="DESKTOP-PTP6UKG" failures="0" tests="1" name="basepakage.Baseauto" time="3.260" errors="0" timestamp="2024-11-06T10:00:28 IST" skipped="0">
  <testcase classname="basepakage.Baseauto" name="test" time="3.260"/>
  <system-out/>
</testsuite> <!-- basepakage.Baseauto -->
